<?xml version="1.0" encoding="UTF-8"?>
<!-- Generated by org.testng.reporters.JUnitXMLReporter -->
<testsuite hostname="jpTab" name="Default test" tests="1" failures="0" timestamp="8 Mar 2016 15:25:44 GMT" time="0.083" errors="0">
  <testcase name="@BeforeTest setup" time="0.0" classname="com.fiori.Sandbox">
    <failure type="org.testng.TestNGException" message="
Parameter &amp;apos;runLocation&amp;apos; is required by @Configuration on method setup but has not been marked @Optional or defined
in C:\Users\Justin\AppData\Local\Temp\testng-eclipse--1344914963\testng-customsuite.xml">
      <![CDATA[org.testng.TestNGException: 
Parameter 'runLocation' is required by @Configuration on method setup but has not been marked @Optional or defined
in C:\Users\Justin\AppData\Local\Temp\testng-eclipse--1344914963\testng-customsuite.xml
	at org.testng.internal.Parameters.createParameters(Parameters.java:156)
	at org.testng.internal.Parameters.createParameters(Parameters.java:362)
	at org.testng.internal.Parameters.createConfigurationParameters(Parameters.java:87)
	at org.testng.internal.Invoker.invokeConfigurations(Invoker.java:201)
	at org.testng.internal.Invoker.invokeConfigurations(Invoker.java:140)
	at org.testng.TestRunner.beforeRun(TestRunner.java:641)
	at org.testng.TestRunner.run(TestRunner.java:609)
	at org.testng.SuiteRunner.runTest(SuiteRunner.java:348)
	at org.testng.SuiteRunner.runSequentially(SuiteRunner.java:343)
	at org.testng.SuiteRunner.privateRun(SuiteRunner.java:305)
	at org.testng.SuiteRunner.run(SuiteRunner.java:254)
	at org.testng.SuiteRunnerWorker.runSuite(SuiteRunnerWorker.java:52)
	at org.testng.SuiteRunnerWorker.run(SuiteRunnerWorker.java:86)
	at org.testng.TestNG.runSuitesSequentially(TestNG.java:1224)
	at org.testng.TestNG.runSuitesLocally(TestNG.java:1149)
	at org.testng.TestNG.run(TestNG.java:1057)
	at org.testng.remote.RemoteTestNG.run(RemoteTestNG.java:115)
	at org.testng.remote.RemoteTestNG.initAndRun(RemoteTestNG.java:207)
	at org.testng.remote.RemoteTestNG.main(RemoteTestNG.java:178)
]]>
    </failure>
  </testcase> <!-- @BeforeTest setup -->
  <testcase name="testLogin" time="0.014" classname="com.fiori.Sandbox">
    <skipped/>
  </testcase> <!-- testLogin -->
</testsuite> <!-- Default test -->
